
24/03/2019 20:32:59: Log Auto Update - Download: Catalogue_012019_02.xml                                       0Kb

24/03/2019 20:33:00: Log Auto Update - Download: Catalogue_Dia_Ban_Huyen.xml                               21939Kb

24/03/2019 20:33:01: Log Auto Update - Download: Catalogue_Dia_Ban_Huyen_707.xml                           66323Kb

24/03/2019 20:33:01: Log Auto Update - Download: Catalogue_Dia_Ban_Xa.xml                                  67142Kb

24/03/2019 20:33:09: Log Auto Update - Download: Catalogue_Dia_Ban_Xa_405.xml                             844588Kb

24/03/2019 20:33:09: Log Auto Update - Download: Catalogue_DM_Loai_Giay_To_Tuy_Than.xml                   862787Kb

24/03/2019 20:33:09: Log Auto Update - Download: Catalogue_DM_thue_BVMT_012019.xml                        863012Kb

24/03/2019 20:33:09: Log Auto Update - Download: Catalogue_Tinh_Thanh.xml                                 865994Kb

24/03/2019 20:33:10: Log Auto Update - Download: Button.xml                                               930632Kb

24/03/2019 20:33:11: Log Auto Update - Download: Cell_Dynamic_Format.xml                                  945064Kb

24/03/2019 20:33:11: Log Auto Update - Download: HTKK.chm                                                 945508Kb

24/03/2019 20:33:23: Log Auto Update - Download: HTKK.exe                                                7515871Kb

24/03/2019 20:33:27: Log Auto Update - Download: HTKK.exe.config                                         9820895Kb

24/03/2019 20:33:28: Log Auto Update - Download: HTKK.pdb                                                9823105Kb

24/03/2019 20:33:30: Log Auto Update - Download: Interop.TBARCODE5Lib.dll                               11063681Kb

24/03/2019 20:33:31: Log Auto Update - Download: Map.xml                                                11121025Kb

24/03/2019 20:33:32: Log Auto Update - Download: MapMCT.xml                                             11162153Kb

24/03/2019 20:33:32: Log Auto Update - Download: Menu.xml                                               11173691Kb

24/03/2019 20:33:33: Log Auto Update - Download: Message.xml                                            11292921Kb

24/03/2019 20:33:35: Log Auto Update - Download: TAX.HTKK.Business.dll                                  11338636Kb

24/03/2019 20:33:37: Log Auto Update - Download: TAX.HTKK.Business.pdb                                  12510092Kb

24/03/2019 20:33:43: Log Auto Update - Download: TAX.HTKK.Utilities.dll                                 15024524Kb

24/03/2019 20:33:46: Log Auto Update - Download: TAX.HTKK.Utilities.pdb                                 16286092Kb

24/03/2019 20:33:52: Log Auto Update - Download: 01BC_SDHD_CNKD_216.xls                                 16793484Kb

24/03/2019 20:33:53: Log Auto Update - Download: 01_BK_BC26_AC_BLP_234.xls                              16876940Kb

24/03/2019 20:33:54: Log Auto Update - Download: 01_XSBHDC_216.xls                                      16927116Kb

24/03/2019 20:33:54: Log Auto Update - Download: 02_GTGT_212.xls                                        17013132Kb

24/03/2019 20:33:55: Log Auto Update - Download: 05QTT_TNCN_216.xls                                     17111436Kb

24/03/2019 20:33:57: Log Auto Update - Download: 05_DK_TH_TCT_230.xls                                   17265036Kb

24/03/2019 20:33:57: Log Auto Update - Download: 24_B01_HTX_BCTC.xls                                    17335180Kb

24/03/2019 20:33:58: Log Auto Update - Download: 334_B01_CTCK_BCTC_234.xls                              17448332Kb

24/03/2019 20:34:01: Log Auto Update - Download: 334_B01_CTCK_BCTC_GND_234.xls                          17696652Kb

24/03/2019 20:34:03: Log Auto Update - Download: 334_B01_CTCK_BCTC_HN_234.xls                           17961356Kb

24/03/2019 20:34:05: Log Auto Update - Download: Bang_Ke_05DK_TH.xls                                    18182028Kb

24/03/2019 20:34:09: Log Auto Update - Download: Bang_Ke_05_3_QTT.xls                                   20283788Kb

24/03/2019 20:34:13: Log Auto Update - Download: Bang_Ke_16TH_DangKyCapMa.xls                           22355340Kb

24/03/2019 20:34:16: Log Auto Update - Download: 334_B01_CTCK_BCTC_234.xsd                              24421260Kb

24/03/2019 20:34:21: Log Auto Update - Download: 334_B01_CTCK_BCTC_GND_234.xsd                          24813345Kb

24/03/2019 20:34:24: Log Auto Update - Download: 334_B01_CTCK_BCTC_HN_234.xsd                           25220176Kb

24/03/2019 20:34:27: Log Auto Update - Download: 01BC_SDHD_CNKD_216.xml                                 25563435Kb

24/03/2019 20:34:28: Log Auto Update - Download: 01_1_TTDB_TT195_217.xml                                25592403Kb

24/03/2019 20:34:28: Log Auto Update - Download: 01_1_XSBHDC_216.xml                                    25607463Kb

24/03/2019 20:34:28: Log Auto Update - Download: 01_AC_212.xml                                          25626553Kb

24/03/2019 20:34:28: Log Auto Update - Download: 01_AC_BLP_200.xml                                      25636149Kb

24/03/2019 20:34:28: Log Auto Update - Download: 01_NTNN_207.xml                                        25645799Kb

24/03/2019 20:34:29: Log Auto Update - Download: 02_QTT_TNCN_216.xml                                    25660137Kb

24/03/2019 20:34:29: Log Auto Update - Download: 05_1_QTT_TNCN_216.xml                                  25675239Kb

24/03/2019 20:34:30: Log Auto Update - Download: 05_2_QTT_TNCN_216.xml                                  25689007Kb

24/03/2019 20:34:30: Log Auto Update - Download: 05_3_QTT_TNCN_216.xml                                  25697811Kb

24/03/2019 20:34:30: Log Auto Update - Download: 05_DS_TNCN_216.xml                                     25707539Kb

24/03/2019 20:34:30: Log Auto Update - Download: 16_TH_DKNPT_206.xml                                    25716893Kb

24/03/2019 20:34:31: Log Auto Update - Download: 200_01_CDKT_226.xml                                    25738765Kb

24/03/2019 20:34:33: Log Auto Update - Download: 200_01_CDKT_HN_226.xml                                 26021561Kb

24/03/2019 20:34:36: Log Auto Update - Download: 334_B01_01_THTC_234.xml                                26304357Kb

24/03/2019 20:34:38: Log Auto Update - Download: 334_B01_01_THTC_GND_234.xml                            26524849Kb

24/03/2019 20:34:41: Log Auto Update - Download: 334_B01_01_THTC_GND_xml_234.xml                        26744989Kb

24/03/2019 20:34:41: Log Auto Update - Download: 334_B01_01_THTC_HN_234.xml                             26758867Kb

24/03/2019 20:34:43: Log Auto Update - Download: 334_B01_01_THTC_HN_xml_234.xml                         26993093Kb

24/03/2019 20:34:43: Log Auto Update - Download: 334_B01_01_THTC_xml_234.xml                            27002871Kb

24/03/2019 20:34:43: Log Auto Update - Download: 334_B01_02_SXKD_234.xml                                27012916Kb

24/03/2019 20:34:44: Log Auto Update - Download: 334_B01_02_SXKD_GND_234.xml                            27081284Kb

24/03/2019 20:34:45: Log Auto Update - Download: 334_B01_02_SXKD_GND_xml_234.xml                        27203140Kb

24/03/2019 20:34:45: Log Auto Update - Download: 334_B01_02_SXKD_HN_234.xml                             27208989Kb

24/03/2019 20:34:46: Log Auto Update - Download: 334_B01_02_SXKD_HN_xml_234.xml                         27287459Kb

24/03/2019 20:34:46: Log Auto Update - Download: 334_B01_02_SXKD_xml_234.xml                            27290035Kb

24/03/2019 20:34:46: Log Auto Update - Download: 334_B01_03_LCTTTT_234.xml                              27292306Kb

24/03/2019 20:34:47: Log Auto Update - Download: 334_B01_03_LCTTTT_GND_234.xml                          27370512Kb

24/03/2019 20:34:48: Log Auto Update - Download: 334_B01_03_LCTTTT_GND_xml_234.xml                      27448268Kb

24/03/2019 20:34:48: Log Auto Update - Download: 334_B01_03_LCTTTT_HN_234.xml                           27452245Kb

24/03/2019 20:34:49: Log Auto Update - Download: 334_B01_03_LCTTTT_HN_xml_234.xml                       27528477Kb

24/03/2019 20:34:49: Log Auto Update - Download: 334_B01_03_LCTTTT_xml_234.xml                          27531082Kb

24/03/2019 20:34:49: Log Auto Update - Download: 334_B01_04_LCTTGT_234.xml                              27533753Kb

24/03/2019 20:34:50: Log Auto Update - Download: 334_B01_04_LCTTGT_GND_234.xml                          27648483Kb

24/03/2019 20:34:52: Log Auto Update - Download: 334_B01_04_LCTTGT_GND_xml_234.xml                      27763209Kb

24/03/2019 20:34:52: Log Auto Update - Download: 334_B01_04_LCTTGT_HN_234.xml                           27769014Kb

24/03/2019 20:34:53: Log Auto Update - Download: 334_B01_04_LCTTGT_HN_xml_234.xml                       27883856Kb

24/03/2019 20:34:54: Log Auto Update - Download: 334_B01_04_LCTTGT_xml_234.xml                          27887703Kb

24/03/2019 20:34:54: Log Auto Update - Download: 334_B01_05_THBDV_234.xml                               27891550Kb

24/03/2019 20:34:55: Log Auto Update - Download: 334_B01_05_THBDV_GND_234.xml                           27970704Kb

24/03/2019 20:34:55: Log Auto Update - Download: 334_B01_05_THBDV_GND_xml_234.xml                       28013632Kb

24/03/2019 20:34:55: Log Auto Update - Download: 334_B01_05_THBDV_xml_234.xml                           28016126Kb

24/03/2019 20:34:55: Log Auto Update - Download: BC26_AC_208.xml                                        28019345Kb

24/03/2019 20:34:56: Log Auto Update - Download: 02_QTT_TNCN_216.xls                                    28035739Kb

24/03/2019 20:34:57: Log Auto Update - Download: 05QTT_TNCN_216.xls                                     28126363Kb

24/03/2019 20:34:58: Log Auto Update - Download: 200_BCTC_226.xls                                       28236443Kb

24/03/2019 20:34:59: Log Auto Update - Download: 200_BCTC_HN_226.xls                                    28401819Kb

24/03/2019 20:35:01: Log Auto Update - Download: 334_B01_CTCK_BCTC_234.xls                              28566171Kb

24/03/2019 20:35:03: Log Auto Update - Download: 334_B01_CTCK_BCTC_GND_234.xls                          28796059Kb

24/03/2019 20:35:05: Log Auto Update - Download: 334_B01_CTCK_BCTC_HN_234.xls                           29043867Kb

24/03/2019 20:35:08: Log Auto Update - Download: Version4.0.0.txt                                       29253275Kb

24/03/2019 20:35:08: Log Auto Update - Download: Version4.0.1.txt                                       29253301Kb

24/03/2019 20:35:09: Log Auto Update - Download: Version4.0.2.txt                                       29253435Kb

24/03/2019 20:35:09: Log Auto Update - Download: Version4.0.3.txt                                       29254911Kb

24/03/2019 20:35:09: Log Auto Update - Download: Version4.0.4.txt                                       29256120Kb

24/03/2019 20:35:09: Log Auto Update - Download: Version4.0.5.txt                                       29257626Kb

24/03/2019 20:35:09: Log Auto Update - Download: Version4.0.6.txt                                       29261049Kb

24/03/2019 20:35:10: Log Auto Update - Download: Version4.0.7.txt                                       29264115Kb

24/03/2019 20:35:10: Log Auto Update - Download: Version4.0.8.txt                                       29267977Kb

24/03/2019 20:35:10: Log Auto Update - Download: Version4.0.9.txt                                       29270385Kb

24/03/2019 20:35:10: Log Auto Update - Download: Version4.1.0.txt                                       29276993Kb

24/03/2019 20:35:10: Log Auto Update - Download: Version4.1.1.txt                                       29278032Kb

24/03/2019 20:35:10: Log Auto Update - Download: Version4.1.2.txt                                       29279138Kb

24/03/2019 20:35:11: Log Auto Update - Download: Version4.1.3.txt                                       29283371Kb

24/03/2019 20:35:11: Log Auto Update - Download: Version4.1.4.txt                                       29283884Kb

24/03/2019 20:35:11: Log Auto Update - Download: Version4.1.5.txt                                       29286116Kb

24/03/2019 20:35:11: Log Auto Update - Download: Version4.1.6.txt                                       29288087Kb

24/03/2019 20:38:32: Log Auto Update - Download: Catalogue_012019_02.xml                                       0Kb

24/03/2019 20:38:33: Log Auto Update - Download: Catalogue_Dia_Ban_Huyen.xml                               21939Kb

24/03/2019 20:38:33: Log Auto Update - Download: Catalogue_Dia_Ban_Huyen_707.xml                           66323Kb

24/03/2019 20:38:34: Log Auto Update - Download: Catalogue_Dia_Ban_Xa.xml                                  67142Kb

24/03/2019 20:38:42: Log Auto Update - Download: Catalogue_Dia_Ban_Xa_405.xml                             844588Kb

24/03/2019 20:38:42: Log Auto Update - Download: Catalogue_DM_Loai_Giay_To_Tuy_Than.xml                   862787Kb

24/03/2019 20:38:43: Log Auto Update - Download: Catalogue_Tinh_Thanh.xml                                 863012Kb

24/03/2019 20:38:43: Log Auto Update - Download: Button.xml                                               927650Kb

24/03/2019 20:38:44: Log Auto Update - Download: HTKK.chm                                                 942082Kb

24/03/2019 20:38:57: Log Auto Update - Download: HTKK.exe                                                7512445Kb

24/03/2019 20:39:01: Log Auto Update - Download: HTKK.exe.config                                         9817469Kb

24/03/2019 20:39:01: Log Auto Update - Download: HTKK.pdb                                                9819679Kb

24/03/2019 20:39:03: Log Auto Update - Download: Interop.TBARCODE5Lib.dll                               11060255Kb

24/03/2019 20:39:04: Log Auto Update - Download: Map.xml                                                11117599Kb

24/03/2019 20:39:05: Log Auto Update - Download: MapMCT.xml                                             11158727Kb

24/03/2019 20:39:05: Log Auto Update - Download: Menu.xml                                               11170265Kb

24/03/2019 20:39:06: Log Auto Update - Download: Message.xml                                            11289495Kb

24/03/2019 20:39:07: Log Auto Update - Download: TAX.HTKK.Business.dll                                  11335210Kb

24/03/2019 20:39:09: Log Auto Update - Download: TAX.HTKK.Business.pdb                                  12506666Kb

24/03/2019 20:39:15: Log Auto Update - Download: TAX.HTKK.Utilities.dll                                 15021098Kb

24/03/2019 20:39:18: Log Auto Update - Download: TAX.HTKK.Utilities.pdb                                 16282666Kb

24/03/2019 20:39:23: Log Auto Update - Download: 01BC_SDHD_CNKD_216.xls                                 16790058Kb

24/03/2019 20:39:24: Log Auto Update - Download: 01_BK_BC26_AC_BLP_234.xls                              16873514Kb

24/03/2019 20:39:25: Log Auto Update - Download: 01_XSBHDC_216.xls                                      16923690Kb

24/03/2019 20:39:26: Log Auto Update - Download: 02_GTGT_212.xls                                        17009706Kb

24/03/2019 20:39:27: Log Auto Update - Download: 05QTT_TNCN_216.xls                                     17108010Kb

24/03/2019 20:39:28: Log Auto Update - Download: 05_DK_TH_TCT_230.xls                                   17261610Kb

24/03/2019 20:39:29: Log Auto Update - Download: 24_B01_HTX_BCTC.xls                                    17331754Kb

24/03/2019 20:39:31: Log Auto Update - Download: 334_B01_CTCK_BCTC_234.xls                              17444906Kb

24/03/2019 20:39:33: Log Auto Update - Download: 334_B01_CTCK_BCTC_GND_234.xls                          17693226Kb

24/03/2019 20:39:36: Log Auto Update - Download: 334_B01_CTCK_BCTC_HN_234.xls                           17957930Kb

24/03/2019 20:39:38: Log Auto Update - Download: Bang_Ke_05DK_TH.xls                                    18178602Kb

24/03/2019 20:39:42: Log Auto Update - Download: Bang_Ke_05_3_QTT.xls                                   20280362Kb

24/03/2019 20:39:46: Log Auto Update - Download: Bang_Ke_16TH_DangKyCapMa.xls                           22351914Kb

24/03/2019 20:39:49: Log Auto Update - Download: 334_B01_CTCK_BCTC_234.xsd                              24417834Kb

24/03/2019 20:39:53: Log Auto Update - Download: 334_B01_CTCK_BCTC_GND_234.xsd                          24809919Kb

24/03/2019 20:39:58: Log Auto Update - Download: 334_B01_CTCK_BCTC_HN_234.xsd                           25216750Kb

24/03/2019 20:40:01: Log Auto Update - Download: 01BC_SDHD_CNKD_216.xml                                 25560009Kb

24/03/2019 20:40:01: Log Auto Update - Download: 01_1_TTDB_TT195_217.xml                                25588977Kb

24/03/2019 20:40:02: Log Auto Update - Download: 01_1_XSBHDC_216.xml                                    25604037Kb

24/03/2019 20:40:02: Log Auto Update - Download: 01_AC_212.xml                                          25623127Kb

24/03/2019 20:40:02: Log Auto Update - Download: 01_AC_BLP_200.xml                                      25632723Kb

24/03/2019 20:40:02: Log Auto Update - Download: 01_NTNN_207.xml                                        25642373Kb

24/03/2019 20:40:03: Log Auto Update - Download: 02_QTT_TNCN_216.xml                                    25656711Kb

24/03/2019 20:40:03: Log Auto Update - Download: 05_1_QTT_TNCN_216.xml                                  25671813Kb

24/03/2019 20:40:03: Log Auto Update - Download: 05_2_QTT_TNCN_216.xml                                  25685581Kb

24/03/2019 20:40:03: Log Auto Update - Download: 05_3_QTT_TNCN_216.xml                                  25694385Kb

24/03/2019 20:40:04: Log Auto Update - Download: 05_DS_TNCN_216.xml                                     25704113Kb

24/03/2019 20:40:04: Log Auto Update - Download: 16_TH_DKNPT_206.xml                                    25713467Kb

24/03/2019 20:40:04: Log Auto Update - Download: 200_01_CDKT_226.xml                                    25735339Kb

24/03/2019 20:40:08: Log Auto Update - Download: 200_01_CDKT_HN_226.xml                                 26018135Kb

24/03/2019 20:40:11: Log Auto Update - Download: 334_B01_01_THTC_234.xml                                26300931Kb

24/03/2019 20:40:13: Log Auto Update - Download: 334_B01_01_THTC_GND_234.xml                            26521423Kb

24/03/2019 20:40:16: Log Auto Update - Download: 334_B01_01_THTC_GND_xml_234.xml                        26741563Kb

24/03/2019 20:40:16: Log Auto Update - Download: 334_B01_01_THTC_HN_234.xml                             26755441Kb

24/03/2019 20:40:18: Log Auto Update - Download: 334_B01_01_THTC_HN_xml_234.xml                         26989667Kb

24/03/2019 20:40:19: Log Auto Update - Download: 334_B01_01_THTC_xml_234.xml                            26999445Kb

24/03/2019 20:40:19: Log Auto Update - Download: 334_B01_02_SXKD_234.xml                                27009490Kb

24/03/2019 20:40:19: Log Auto Update - Download: 334_B01_02_SXKD_GND_234.xml                            27077858Kb

24/03/2019 20:40:21: Log Auto Update - Download: 334_B01_02_SXKD_GND_xml_234.xml                        27199714Kb

24/03/2019 20:40:21: Log Auto Update - Download: 334_B01_02_SXKD_HN_234.xml                             27205563Kb

24/03/2019 20:40:22: Log Auto Update - Download: 334_B01_02_SXKD_HN_xml_234.xml                         27284033Kb

24/03/2019 20:40:22: Log Auto Update - Download: 334_B01_02_SXKD_xml_234.xml                            27286609Kb

24/03/2019 20:40:22: Log Auto Update - Download: 334_B01_03_LCTTTT_234.xml                              27288880Kb

24/03/2019 20:40:23: Log Auto Update - Download: 334_B01_03_LCTTTT_GND_234.xml                          27367086Kb

24/03/2019 20:40:24: Log Auto Update - Download: 334_B01_03_LCTTTT_GND_xml_234.xml                      27444842Kb

24/03/2019 20:40:24: Log Auto Update - Download: 334_B01_03_LCTTTT_HN_234.xml                           27448819Kb

24/03/2019 20:40:25: Log Auto Update - Download: 334_B01_03_LCTTTT_HN_xml_234.xml                       27525051Kb

24/03/2019 20:40:25: Log Auto Update - Download: 334_B01_03_LCTTTT_xml_234.xml                          27527656Kb

24/03/2019 20:40:25: Log Auto Update - Download: 334_B01_04_LCTTGT_234.xml                              27530327Kb

24/03/2019 20:40:27: Log Auto Update - Download: 334_B01_04_LCTTGT_GND_234.xml                          27645057Kb

24/03/2019 20:40:28: Log Auto Update - Download: 334_B01_04_LCTTGT_GND_xml_234.xml                      27759783Kb

24/03/2019 20:40:28: Log Auto Update - Download: 334_B01_04_LCTTGT_HN_234.xml                           27765588Kb

24/03/2019 20:40:30: Log Auto Update - Download: 334_B01_04_LCTTGT_HN_xml_234.xml                       27880430Kb

24/03/2019 20:40:30: Log Auto Update - Download: 334_B01_04_LCTTGT_xml_234.xml                          27884277Kb

24/03/2019 20:40:30: Log Auto Update - Download: 334_B01_05_THBDV_234.xml                               27888124Kb

24/03/2019 20:40:31: Log Auto Update - Download: 334_B01_05_THBDV_GND_234.xml                           27967278Kb

24/03/2019 20:40:32: Log Auto Update - Download: 334_B01_05_THBDV_GND_xml_234.xml                       28010206Kb

24/03/2019 20:40:32: Log Auto Update - Download: 334_B01_05_THBDV_xml_234.xml                           28012700Kb

24/03/2019 20:40:32: Log Auto Update - Download: BC26_AC_208.xml                                        28015919Kb

24/03/2019 20:40:32: Log Auto Update - Download: 02_QTT_TNCN_216.xls                                    28032313Kb

24/03/2019 20:40:33: Log Auto Update - Download: 05QTT_TNCN_216.xls                                     28122937Kb

24/03/2019 20:40:34: Log Auto Update - Download: 200_BCTC_226.xls                                       28233017Kb

24/03/2019 20:40:36: Log Auto Update - Download: 200_BCTC_HN_226.xls                                    28398393Kb

24/03/2019 20:40:37: Log Auto Update - Download: 334_B01_CTCK_BCTC_234.xls                              28562745Kb

24/03/2019 20:40:39: Log Auto Update - Download: 334_B01_CTCK_BCTC_GND_234.xls                          28792633Kb

24/03/2019 20:40:42: Log Auto Update - Download: 334_B01_CTCK_BCTC_HN_234.xls                           29040441Kb

24/03/2019 20:40:43: Log Auto Update - Download: Version4.0.0.txt                                       29249849Kb

24/03/2019 20:40:44: Log Auto Update - Download: Version4.0.1.txt                                       29249875Kb

24/03/2019 20:40:44: Log Auto Update - Download: Version4.0.2.txt                                       29250009Kb

24/03/2019 20:40:44: Log Auto Update - Download: Version4.0.3.txt                                       29251485Kb

24/03/2019 20:40:44: Log Auto Update - Download: Version4.0.4.txt                                       29252694Kb

24/03/2019 20:40:44: Log Auto Update - Download: Version4.0.5.txt                                       29254200Kb

24/03/2019 20:40:44: Log Auto Update - Download: Version4.0.6.txt                                       29257623Kb

24/03/2019 20:40:44: Log Auto Update - Download: Version4.0.7.txt                                       29260689Kb

24/03/2019 20:40:45: Log Auto Update - Download: Version4.0.8.txt                                       29264551Kb

24/03/2019 20:40:45: Log Auto Update - Download: Version4.0.9.txt                                       29266959Kb

24/03/2019 20:40:45: Log Auto Update - Download: Version4.1.0.txt                                       29273567Kb

24/03/2019 20:40:45: Log Auto Update - Download: Version4.1.1.txt                                       29274606Kb

24/03/2019 20:40:45: Log Auto Update - Download: Version4.1.2.txt                                       29275712Kb

24/03/2019 20:40:46: Log Auto Update - Download: Version4.1.3.txt                                       29279945Kb

24/03/2019 20:40:46: Log Auto Update - Download: Version4.1.4.txt                                       29280458Kb

24/03/2019 20:40:47: Log Auto Update - Download: Version4.1.5.txt                                       29282690Kb

24/03/2019 20:40:47: Log Auto Update - Download: Version4.1.6.txt                                       29284661Kb
