
20/03/2020 09:45:51: APP START - --------------------------------------------   START   ------------------------------------------------

20/03/2020 10:00:00: WinLoadFromFile - Load Template - 921

20/03/2020 10:00:01: TaiDK - Start calculation

20/03/2020 10:00:01: TaiDK - End calculation

20/03/2020 10:00:01: TaiDK - Start calculation

20/03/2020 10:00:01: TaiDK - End calculation

20/03/2020 10:00:01: TaiDK - Start calculation

20/03/2020 10:00:01: TaiDK - End calculation

20/03/2020 10:00:01: frmToKhai_ReLoad - All_Load - 3008

20/03/2020 10:00:43: WinLoadFromFile - Load Template - 300

20/03/2020 10:00:43: TaiDK - Start calculation

20/03/2020 10:00:43: TaiDK - End calculation

20/03/2020 10:00:43: TaiDK - Start calculation

20/03/2020 10:00:43: TaiDK - End calculation

20/03/2020 10:00:43: TaiDK - Start calculation

20/03/2020 10:00:43: TaiDK - End calculation

20/03/2020 10:00:46: TaiDK - Start calculation

20/03/2020 10:00:46: TaiDK - End calculation

20/03/2020 10:00:46: frmToKhai_ReLoad - All_Load - 3359

20/03/2020 10:01:16: WinLoadFromFile - Load Template - 270

20/03/2020 10:01:17: TaiDK - Start calculation

20/03/2020 10:01:17: TaiDK - End calculation

20/03/2020 10:01:17: TaiDK - Start calculation

20/03/2020 10:01:17: TaiDK - End calculation

20/03/2020 10:01:17: TaiDK - Start calculation

20/03/2020 10:01:17: TaiDK - End calculation

20/03/2020 10:01:17: frmToKhai_ReLoad - All_Load - 1093

20/03/2020 10:01:46: WinLoadFromFile - Load Template - 331

20/03/2020 10:01:46: TaiDK - Start calculation

20/03/2020 10:01:46: TaiDK - End calculation

20/03/2020 10:01:46: TaiDK - Start calculation

20/03/2020 10:01:46: TaiDK - End calculation

20/03/2020 10:01:46: TaiDK - Start calculation

20/03/2020 10:01:46: TaiDK - End calculation

20/03/2020 10:01:48: TaiDK - Start calculation

20/03/2020 10:01:49: TaiDK - End calculation

20/03/2020 10:01:49: frmToKhai_ReLoad - All_Load - 3460

20/03/2020 10:02:25: WinLoadFromFile - Load Template - 286

20/03/2020 10:02:25: TaiDK - Start calculation

20/03/2020 10:02:25: TaiDK - End calculation

20/03/2020 10:02:25: TaiDK - Start calculation

20/03/2020 10:02:25: TaiDK - End calculation

20/03/2020 10:02:25: TaiDK - Start calculation

20/03/2020 10:02:25: TaiDK - End calculation

20/03/2020 10:02:27: TaiDK - Start calculation

20/03/2020 10:02:27: TaiDK - End calculation

20/03/2020 10:02:27: frmToKhai_ReLoad - All_Load - 2609

20/03/2020 10:17:01: WinLoadFromFile - Load Template - 349

20/03/2020 10:17:01: TaiDK - Start calculation

20/03/2020 10:17:01: TaiDK - End calculation

20/03/2020 10:17:01: TaiDK - Start calculation

20/03/2020 10:17:01: TaiDK - End calculation

20/03/2020 10:17:01: TaiDK - Start calculation

20/03/2020 10:17:01: TaiDK - End calculation

20/03/2020 10:17:03: TaiDK - Start calculation

20/03/2020 10:17:03: TaiDK - End calculation

20/03/2020 10:17:03: frmToKhai_ReLoad - All_Load - 2921

20/03/2020 10:23:17: WinLoadFromFile - Load Template - 302

20/03/2020 10:23:18: TaiDK - Start calculation

20/03/2020 10:23:18: TaiDK - End calculation

20/03/2020 10:23:18: TaiDK - Start calculation

20/03/2020 10:23:18: TaiDK - End calculation

20/03/2020 10:23:18: TaiDK - Start calculation

20/03/2020 10:23:18: TaiDK - End calculation

20/03/2020 10:23:20: TaiDK - Start calculation

20/03/2020 10:23:20: TaiDK - End calculation

20/03/2020 10:23:20: frmToKhai_ReLoad - All_Load - 2719

20/03/2020 10:23:33: WinLoadFromFile - Load Template - 306

20/03/2020 10:23:33: TaiDK - Start calculation

20/03/2020 10:23:33: TaiDK - End calculation

20/03/2020 10:23:33: TaiDK - Start calculation

20/03/2020 10:23:33: TaiDK - End calculation

20/03/2020 10:23:33: TaiDK - Start calculation

20/03/2020 10:23:33: TaiDK - End calculation

20/03/2020 10:23:36: TaiDK - Start calculation

20/03/2020 10:23:36: TaiDK - End calculation

20/03/2020 10:23:36: frmToKhai_ReLoad - All_Load - 2764

20/03/2020 10:23:44: WinLoadFromFile - Load Template - 769

20/03/2020 10:23:44: TaiDK - Start calculation

20/03/2020 10:23:44: TaiDK - End calculation

20/03/2020 10:23:44: TaiDK - Start calculation

20/03/2020 10:23:44: TaiDK - End calculation

20/03/2020 10:23:45: TaiDK - Start calculation

20/03/2020 10:23:45: TaiDK - End calculation

20/03/2020 10:23:47: TaiDK - Start calculation

20/03/2020 10:23:47: TaiDK - End calculation

20/03/2020 10:23:47: frmToKhai_ReLoad - All_Load - 3440

20/03/2020 10:25:13: Validate - Start validate data

20/03/2020 10:25:13: Validate - Start update value

20/03/2020 10:25:13: Validate - End update value

20/03/2020 10:25:13: Validate - End validate data

20/03/2020 10:25:23: WinLoadFromFile - Load Template - 288

20/03/2020 10:25:23: TaiDK - Start calculation

20/03/2020 10:25:23: TaiDK - End calculation

20/03/2020 10:25:23: TaiDK - Start calculation

20/03/2020 10:25:23: TaiDK - End calculation

20/03/2020 10:25:23: TaiDK - Start calculation

20/03/2020 10:25:23: TaiDK - End calculation

20/03/2020 10:25:25: TaiDK - Start calculation

20/03/2020 10:25:25: TaiDK - End calculation

20/03/2020 10:25:25: frmToKhai_ReLoad - All_Load - 2846

20/03/2020 10:29:00: Validate - Start validate data

20/03/2020 10:29:00: Validate - Start update value

20/03/2020 10:29:00: Validate - End update value

20/03/2020 10:29:00: Validate - End validate data

20/03/2020 10:46:47: Validate - Start validate data

20/03/2020 10:46:48: Validate - Start update value

20/03/2020 10:46:48: Validate - End update value

20/03/2020 10:46:48: Validate - End validate data

20/03/2020 10:58:28: Validate - Start validate data

20/03/2020 10:58:28: Validate - Start update value

20/03/2020 10:58:28: Validate - End update value

20/03/2020 10:58:28: Validate - End validate data

20/03/2020 11:29:11: Validate - Start validate data

20/03/2020 11:29:11: Validate - Start update value

20/03/2020 11:29:11: Validate - End update value

20/03/2020 11:29:11: Validate - End validate data

20/03/2020 11:33:35: Validate - Start validate data

20/03/2020 11:33:35: Validate - Start update value

20/03/2020 11:33:35: Validate - End update value

20/03/2020 11:33:35: Validate - End validate data

20/03/2020 11:49:07: Validate - Start validate data

20/03/2020 11:49:07: Validate - Start update value

20/03/2020 11:49:07: Validate - End update value

20/03/2020 11:49:07: Validate - End validate data

20/03/2020 11:54:27: Validate - Start validate data

20/03/2020 11:54:27: Validate - Start update value

20/03/2020 11:54:27: Validate - End update value

20/03/2020 11:54:27: Validate - End validate data
