
17/03/2019 12:23:09: APP START - --------------------------------------------   START   ------------------------------------------------

17/03/2019 12:24:15: WinLoadFromFile - Load Template - 1581

17/03/2019 12:24:15: TaiDK - Start calculation

17/03/2019 12:24:15: TaiDK - End calculation

17/03/2019 12:24:16: TaiDK - Start calculation

17/03/2019 12:24:16: TaiDK - End calculation

17/03/2019 12:24:16: TaiDK - Start calculation

17/03/2019 12:24:16: TaiDK - End calculation

17/03/2019 12:24:16: TaiDK - Start calculation

17/03/2019 12:24:16: TaiDK - End calculation

17/03/2019 12:24:18: TaiDK - Start calculation

17/03/2019 12:24:18: TaiDK - End calculation

17/03/2019 12:24:18: frmToKhai_ReLoad - All_Load - 4768

17/03/2019 12:25:05: WinLoadFromFile - Load Template - 715

17/03/2019 12:25:06: TaiDK - Start calculation

17/03/2019 12:25:06: TaiDK - End calculation

17/03/2019 12:25:06: TaiDK - Start calculation

17/03/2019 12:25:06: TaiDK - End calculation

17/03/2019 12:25:06: TaiDK - Start calculation

17/03/2019 12:25:06: TaiDK - End calculation

17/03/2019 12:25:06: frmToKhai_ReLoad - All_Load - 1468

17/03/2019 12:25:29: WinLoadFromFile - Load Template - 569

17/03/2019 12:25:29: TaiDK - Start calculation

17/03/2019 12:25:29: TaiDK - End calculation

17/03/2019 12:25:29: TaiDK - Start calculation

17/03/2019 12:25:29: TaiDK - End calculation

17/03/2019 12:25:29: TaiDK - Start calculation

17/03/2019 12:25:29: TaiDK - End calculation

17/03/2019 12:25:32: TaiDK - Start calculation

17/03/2019 12:25:32: TaiDK - End calculation

17/03/2019 12:25:32: frmToKhai_ReLoad - All_Load - 3772

17/03/2019 12:25:44: WinLoadFromFile - Load Template - 637

17/03/2019 12:25:45: TaiDK - Start calculation

17/03/2019 12:25:45: TaiDK - End calculation

17/03/2019 12:25:45: TaiDK - Start calculation

17/03/2019 12:25:45: TaiDK - End calculation

17/03/2019 12:25:45: TaiDK - Start calculation

17/03/2019 12:25:45: TaiDK - End calculation

17/03/2019 12:25:47: TaiDK - Start calculation

17/03/2019 12:25:47: TaiDK - End calculation

17/03/2019 12:25:47: frmToKhai_ReLoad - All_Load - 3266

17/03/2019 12:25:58: Validate - Start validate data

17/03/2019 12:25:58: Validate - Start update value

17/03/2019 12:25:58: Validate - End update value

17/03/2019 12:25:58: Validate - End validate data

17/03/2019 12:26:09: Export Excel - Start Process data

17/03/2019 12:26:10: Export Excel - Start save data

17/03/2019 12:26:12: Export Excel - Start Restore data

17/03/2019 12:26:13: Export Excel - End
