
28/01/2019 00:05:27: Validate - Start validate data

28/01/2019 00:05:27: Validate - Start update value

28/01/2019 00:05:27: Validate - End update value

28/01/2019 00:05:27: Validate - End validate data

28/01/2019 00:20:15: APP START - --------------------------------------------   START   ------------------------------------------------

28/01/2019 00:20:43: WinLoadFromFile - Load Template - 1198

28/01/2019 00:20:44: TaiDK - Start calculation

28/01/2019 00:20:44: TaiDK - End calculation

28/01/2019 00:20:44: frmToKhai_ReLoad - All_Load - 1613

28/01/2019 00:20:58: WinLoadFromFile - Load Template - 521

28/01/2019 00:20:58: TaiDK - Start calculation

28/01/2019 00:20:58: TaiDK - End calculation

28/01/2019 00:20:58: frmToKhai_ReLoad - All_Load - 574

28/01/2019 00:23:52: WinLoadFromFile - Load Template - 494

28/01/2019 00:23:52: TaiDK - Start calculation

28/01/2019 00:23:52: TaiDK - End calculation

28/01/2019 00:23:52: frmToKhai_ReLoad - All_Load - 553

28/01/2019 00:24:04: WinLoadFromFile - Load Template - 511

28/01/2019 00:24:04: TaiDK - Start calculation

28/01/2019 00:24:04: TaiDK - End calculation

28/01/2019 00:24:04: frmToKhai_ReLoad - All_Load - 565

28/01/2019 00:24:31: WinLoadFromFile - Load Template - 516

28/01/2019 00:24:31: TaiDK - Start calculation

28/01/2019 00:24:31: TaiDK - End calculation

28/01/2019 00:24:31: frmToKhai_ReLoad - All_Load - 579

28/01/2019 00:32:33: APP START - --------------------------------------------   START   ------------------------------------------------

28/01/2019 00:33:13: WinLoadFromFile - Load Template - 1023

28/01/2019 00:33:14: TaiDK - Start calculation

28/01/2019 00:33:14: TaiDK - End calculation

28/01/2019 00:33:14: frmToKhai_ReLoad - All_Load - 1367

28/01/2019 00:33:30: WinLoadFromFile - Load Template - 508

28/01/2019 00:33:30: TaiDK - Start calculation

28/01/2019 00:33:30: TaiDK - End calculation

28/01/2019 00:33:30: frmToKhai_ReLoad - All_Load - 563

28/01/2019 00:34:03: WinLoadFromFile - Load Template - 519

28/01/2019 00:34:03: TaiDK - Start calculation

28/01/2019 00:34:03: TaiDK - End calculation

28/01/2019 00:34:03: frmToKhai_ReLoad - All_Load - 581

28/01/2019 00:34:25: WinLoadFromFile - Load Template - 513

28/01/2019 00:34:25: TaiDK - Start calculation

28/01/2019 00:34:25: TaiDK - End calculation

28/01/2019 00:34:25: frmToKhai_ReLoad - All_Load - 570

28/01/2019 00:36:05: APP START - --------------------------------------------   START   ------------------------------------------------

28/01/2019 00:36:22: WinLoadFromFile - Load Template - 1312

28/01/2019 00:36:22: TaiDK - Start calculation

28/01/2019 00:36:22: TaiDK - End calculation

28/01/2019 00:36:22: frmToKhai_ReLoad - All_Load - 1737

28/01/2019 00:38:31: Validate - Start validate data

28/01/2019 00:38:31: Validate - Start update value

28/01/2019 00:38:31: Validate - End update value

28/01/2019 00:38:31: Validate - End validate data

28/01/2019 00:38:49: WinLoadFromFile - Load Template - 754

28/01/2019 00:38:49: TaiDK - Start calculation

28/01/2019 00:38:49: TaiDK - End calculation

28/01/2019 00:38:50: TaiDK - Step 1

28/01/2019 00:38:50: TaiDK - Step 1

28/01/2019 00:38:50: TaiDK - Start calculation

28/01/2019 00:38:50: TaiDK - End calculation

28/01/2019 00:38:50: frmToKhai_ReLoad - All_Load - 1041

28/01/2019 00:42:00: Validate - Start validate data

28/01/2019 00:42:00: Validate - Start update value

28/01/2019 00:42:00: Validate - End update value

28/01/2019 00:42:00: Validate - End validate data

28/01/2019 00:42:56: ExportXML - WinDoWorkGetExportSheetXML

28/01/2019 00:42:56: ExportXML - ImportNode 1

28/01/2019 00:42:56: ExportXML - AppendChild 1

28/01/2019 00:42:56: ExportXML - Save

28/01/2019 00:42:56: ExportXML - ValidateXmlAgainstXsd

28/01/2019 00:42:56: ExportXML - Process EnCrypt

28/01/2019 00:42:56: ExportXML - Save Encrypt

28/01/2019 00:43:13: WinLoadFromFile - Load Template - 1051

28/01/2019 00:43:13: TaiDK - Start calculation

28/01/2019 00:43:13: TaiDK - End calculation

28/01/2019 00:43:13: frmToKhai_ReLoad - All_Load - 1109

28/01/2019 00:44:21: WinLoadFromFile - Load Template - 535

28/01/2019 00:44:21: TaiDK - Start calculation

28/01/2019 00:44:21: TaiDK - End calculation

28/01/2019 00:44:21: frmToKhai_ReLoad - All_Load - 594

28/01/2019 00:44:45: WinLoadFromFile - Load Template - 523

28/01/2019 00:44:45: TaiDK - Start calculation

28/01/2019 00:44:45: TaiDK - End calculation

28/01/2019 00:44:46: TaiDK - Step 1

28/01/2019 00:44:46: TaiDK - Step 1

28/01/2019 00:44:46: TaiDK - Start calculation

28/01/2019 00:44:46: TaiDK - End calculation

28/01/2019 00:44:46: frmToKhai_ReLoad - All_Load - 655

28/01/2019 00:44:52: Validate - Start validate data

28/01/2019 00:44:52: Validate - Start update value

28/01/2019 00:44:52: Validate - End update value

28/01/2019 00:44:52: Validate - End validate data

28/01/2019 00:45:07: WinLoadFromFile - Load Template - 524

28/01/2019 00:45:07: TaiDK - Start calculation

28/01/2019 00:45:07: TaiDK - End calculation

28/01/2019 00:45:07: frmToKhai_ReLoad - All_Load - 586

28/01/2019 00:45:17: WinLoadFromFile - Load Template - 529

28/01/2019 00:45:17: TaiDK - Start calculation

28/01/2019 00:45:17: TaiDK - End calculation

28/01/2019 00:45:17: frmToKhai_ReLoad - All_Load - 585

28/01/2019 00:45:22: TaiDK - Start calculation

28/01/2019 00:45:22: TaiDK - End calculation

28/01/2019 00:46:25: Validate - Start validate data

28/01/2019 00:46:25: Validate - Start update value

28/01/2019 00:46:25: Validate - End update value

28/01/2019 00:46:25: Validate - End validate data

28/01/2019 00:46:50: WinLoadFromFile - Load Template - 535

28/01/2019 00:46:50: TaiDK - Start calculation

28/01/2019 00:46:50: TaiDK - End calculation

28/01/2019 00:46:50: TaiDK - Step 1

28/01/2019 00:46:50: TaiDK - Step 1

28/01/2019 00:46:50: TaiDK - Start calculation

28/01/2019 00:46:50: TaiDK - End calculation

28/01/2019 00:46:50: frmToKhai_ReLoad - All_Load - 658

28/01/2019 00:46:59: WinLoadFromFile - Load Template - 565

28/01/2019 00:46:59: TaiDK - Start calculation

28/01/2019 00:46:59: TaiDK - End calculation

28/01/2019 00:46:59: frmToKhai_ReLoad - All_Load - 634

28/01/2019 00:49:38: Validate - Start validate data

28/01/2019 00:49:38: Validate - Start update value

28/01/2019 00:49:38: Validate - End update value

28/01/2019 00:49:38: Validate - End validate data

28/01/2019 00:50:01: ExportXML - Save

28/01/2019 00:50:01: ExportXML - ValidateXmlAgainstXsd

28/01/2019 00:50:01: ExportXML - Process EnCrypt

28/01/2019 00:50:01: ExportXML - Save Encrypt

28/01/2019 00:50:20: WinLoadFromFile - Load Template - 586

28/01/2019 00:50:20: TaiDK - Step 1

28/01/2019 00:50:20: TaiDK - Start calculation

28/01/2019 00:50:20: TaiDK - End calculation

28/01/2019 00:50:20: frmToKhai_ReLoad - All_Load - 729

28/01/2019 00:50:59: WinLoadFromFile - Load Template - 521

28/01/2019 00:50:59: TaiDK - Step 1

28/01/2019 00:50:59: TaiDK - Start calculation

28/01/2019 00:50:59: TaiDK - End calculation

28/01/2019 00:50:59: frmToKhai_ReLoad - All_Load - 606

28/01/2019 00:51:33: WinLoadFromFile - Load Template - 547

28/01/2019 00:51:33: TaiDK - Step 1

28/01/2019 00:51:33: TaiDK - Start calculation

28/01/2019 00:51:33: TaiDK - End calculation

28/01/2019 00:51:33: frmToKhai_ReLoad - All_Load - 606

28/01/2019 00:51:46: WinLoadFromFile - Load Template - 523

28/01/2019 00:51:46: TaiDK - Step 1

28/01/2019 00:51:46: TaiDK - Start calculation

28/01/2019 00:51:46: TaiDK - End calculation

28/01/2019 00:51:46: frmToKhai_ReLoad - All_Load - 588

28/01/2019 00:53:16: Validate - Start validate data

28/01/2019 00:53:16: Validate - Start update value

28/01/2019 00:53:16: Validate - End update value

28/01/2019 00:53:16: Validate - End validate data

28/01/2019 00:53:31: ExportXML - Save

28/01/2019 00:53:31: ExportXML - ValidateXmlAgainstXsd

28/01/2019 00:53:31: ExportXML - Process EnCrypt

28/01/2019 00:53:31: ExportXML - Save Encrypt

28/01/2019 00:54:07: WinLoadFromFile - Load Template - 550

28/01/2019 00:54:07: TaiDK - Step 1

28/01/2019 00:54:07: TaiDK - Start calculation

28/01/2019 00:54:07: TaiDK - End calculation

28/01/2019 00:54:07: frmToKhai_ReLoad - All_Load - 917

28/01/2019 01:05:21: Validate - Start validate data

28/01/2019 01:05:21: Validate - Start update value

28/01/2019 01:05:21: Validate - End update value

28/01/2019 01:05:21: Validate - End validate data

28/01/2019 01:05:37: Validate - Start validate data

28/01/2019 01:05:37: Validate - Start update value

28/01/2019 01:05:37: Validate - End update value

28/01/2019 01:05:37: Validate - End validate data

28/01/2019 01:06:19: WinLoadFromFile - Load Template - 583

28/01/2019 01:06:19: TaiDK - Step 1

28/01/2019 01:06:19: TaiDK - Start calculation

28/01/2019 01:06:19: TaiDK - End calculation

28/01/2019 01:06:19: frmToKhai_ReLoad - All_Load - 749

28/01/2019 01:10:47: Validate - Start validate data

28/01/2019 01:10:47: Validate - Start update value

28/01/2019 01:10:47: Validate - End update value

28/01/2019 01:10:47: Validate - End validate data

28/01/2019 01:11:30: ExportXML - Save

28/01/2019 01:11:30: ExportXML - ValidateXmlAgainstXsd

28/01/2019 01:11:30: ExportXML - Process EnCrypt

28/01/2019 01:11:30: ExportXML - Save Encrypt

28/01/2019 23:25:55: APP START - --------------------------------------------   START   ------------------------------------------------

28/01/2019 23:26:18: WinLoadFromFile - Load Template - 1165

28/01/2019 23:26:19: TaiDK - Start calculation

28/01/2019 23:26:19: TaiDK - End calculation

28/01/2019 23:26:19: frmToKhai_ReLoad - All_Load - 1690

28/01/2019 23:26:24: Validate - Start validate data

28/01/2019 23:26:24: Validate - Start update value

28/01/2019 23:26:24: Validate - End update value

28/01/2019 23:26:24: Validate - End validate data

28/01/2019 23:26:43: ExportXML - Save

28/01/2019 23:26:43: ExportXML - ValidateXmlAgainstXsd

28/01/2019 23:26:43: ExportXML - Process EnCrypt

28/01/2019 23:26:43: ExportXML - Save Encrypt
