
24/03/2019 01:16:31: APP START - --------------------------------------------   START   ------------------------------------------------

24/03/2019 01:20:41: WinLoadFromFile - Load Template - 1261

24/03/2019 01:20:42: TaiDK - Start calculation

24/03/2019 01:20:42: TaiDK - End calculation

24/03/2019 01:20:42: TaiDK - Start calculation

24/03/2019 01:20:42: TaiDK - End calculation

24/03/2019 01:20:42: TaiDK - Start calculation

24/03/2019 01:20:42: TaiDK - End calculation

24/03/2019 01:20:45: TaiDK - Start calculation

24/03/2019 01:20:45: TaiDK - End calculation

24/03/2019 01:20:45: frmToKhai_ReLoad - All_Load - 5316

24/03/2019 01:31:42: Validate - Start validate data

24/03/2019 01:31:42: Validate - Start update value

24/03/2019 01:31:42: Validate - End update value

24/03/2019 01:31:42: Validate - End validate data

24/03/2019 01:32:49: Validate - Start validate data

24/03/2019 01:32:50: Validate - Start update value

24/03/2019 01:32:50: Validate - End update value

24/03/2019 01:32:50: Validate - End validate data

24/03/2019 01:39:21: Validate - Start validate data

24/03/2019 01:39:22: Validate - Start update value

24/03/2019 01:39:22: Validate - End update value

24/03/2019 01:39:22: Validate - End validate data

24/03/2019 01:50:52: Validate - Start validate data

24/03/2019 01:50:52: Validate - Start update value

24/03/2019 01:50:52: Validate - End update value

24/03/2019 01:50:52: Validate - End validate data

24/03/2019 02:00:25: Validate - Start validate data

24/03/2019 02:00:25: Validate - Start update value

24/03/2019 02:00:25: Validate - End update value

24/03/2019 02:00:25: Validate - End validate data

24/03/2019 02:05:40: Validate - Start validate data

24/03/2019 02:05:40: Validate - Start update value

24/03/2019 02:05:40: Validate - End update value

24/03/2019 02:05:40: Validate - End validate data

24/03/2019 02:18:56: Validate - Start validate data

24/03/2019 02:18:56: Validate - Start update value

24/03/2019 02:18:56: Validate - End update value

24/03/2019 02:18:56: Validate - End validate data

24/03/2019 20:31:39: APP START - --------------------------------------------   START   ------------------------------------------------

24/03/2019 20:32:02: WinLoadFromFile - Load Template - 1113

24/03/2019 20:32:03: TaiDK - Start calculation

24/03/2019 20:32:03: TaiDK - End calculation

24/03/2019 20:32:03: TaiDK - Start calculation

24/03/2019 20:32:03: TaiDK - End calculation

24/03/2019 20:32:03: TaiDK - Start calculation

24/03/2019 20:32:03: TaiDK - End calculation

24/03/2019 20:32:06: TaiDK - Start calculation

24/03/2019 20:32:06: TaiDK - End calculation

24/03/2019 20:32:06: frmToKhai_ReLoad - All_Load - 4705

24/03/2019 20:32:38: APP START - --------------------------------------------   START   ------------------------------------------------

24/03/2019 20:35:07: WinLoadFromFile - Load Template - 1575

24/03/2019 20:35:07: TaiDK - Step 1

24/03/2019 20:35:07: TaiDK - Start calculation

24/03/2019 20:35:07: TaiDK - End calculation

24/03/2019 20:35:07: frmToKhai_ReLoad - All_Load - 2017

24/03/2019 20:37:00: APP START - --------------------------------------------   START   ------------------------------------------------

24/03/2019 20:44:42: APP START - --------------------------------------------   START   ------------------------------------------------

24/03/2019 20:46:14: WinLoadFromFile - Load Template - 1214

24/03/2019 20:46:14: TaiDK - Start calculation

24/03/2019 20:46:14: TaiDK - End calculation

24/03/2019 20:46:14: TaiDK - Start calculation

24/03/2019 20:46:14: TaiDK - End calculation

24/03/2019 20:46:14: TaiDK - Start calculation

24/03/2019 20:46:14: TaiDK - End calculation

24/03/2019 20:46:16: TaiDK - Start calculation

24/03/2019 20:46:16: TaiDK - End calculation

24/03/2019 20:46:16: frmToKhai_ReLoad - All_Load - 3630

24/03/2019 21:49:43: Validate - Start validate data

24/03/2019 21:49:43: Validate - Start update value

24/03/2019 21:49:43: Validate - End update value

24/03/2019 21:49:43: Validate - End validate data

24/03/2019 21:50:20: WinLoadFromFile - Load Template - 636

24/03/2019 21:50:21: TaiDK - Start calculation

24/03/2019 21:50:21: TaiDK - End calculation

24/03/2019 21:50:21: TaiDK - Start calculation

24/03/2019 21:50:21: TaiDK - End calculation

24/03/2019 21:50:21: TaiDK - Start calculation

24/03/2019 21:50:21: TaiDK - End calculation

24/03/2019 21:50:21: frmToKhai_ReLoad - All_Load - 1526

24/03/2019 21:50:36: WinLoadFromFile - Load Template - 569

24/03/2019 21:50:37: TaiDK - Start calculation

24/03/2019 21:50:37: TaiDK - End calculation

24/03/2019 21:50:37: TaiDK - Start calculation

24/03/2019 21:50:37: TaiDK - End calculation

24/03/2019 21:50:37: TaiDK - Start calculation

24/03/2019 21:50:37: TaiDK - End calculation

24/03/2019 21:50:39: TaiDK - Start calculation

24/03/2019 21:50:39: TaiDK - End calculation

24/03/2019 21:50:39: frmToKhai_ReLoad - All_Load - 3187

24/03/2019 21:50:59: Validate - Start validate data

24/03/2019 21:50:59: Validate - Start update value

24/03/2019 21:50:59: Validate - End update value

24/03/2019 21:50:59: Validate - End validate data

24/03/2019 21:51:05: Validate - Start validate data

24/03/2019 21:51:05: Validate - Start update value

24/03/2019 21:51:05: Validate - End update value

24/03/2019 21:51:05: Validate - End validate data

24/03/2019 21:51:14: WinLoadFromFile - Load Template - 540

24/03/2019 21:51:14: TaiDK - Start calculation

24/03/2019 21:51:14: TaiDK - End calculation

24/03/2019 21:51:14: TaiDK - Start calculation

24/03/2019 21:51:14: TaiDK - End calculation

24/03/2019 21:51:14: TaiDK - Start calculation

24/03/2019 21:51:14: TaiDK - End calculation

24/03/2019 21:51:17: TaiDK - Start calculation

24/03/2019 21:51:17: TaiDK - End calculation

24/03/2019 21:51:17: frmToKhai_ReLoad - All_Load - 3108

24/03/2019 21:51:32: Validate - Start validate data

24/03/2019 21:51:32: Validate - Start update value

24/03/2019 21:51:32: Validate - End update value

24/03/2019 21:51:32: Validate - End validate data

24/03/2019 21:51:38: Export Excel - Start Process data

24/03/2019 21:51:40: Export Excel - Start save data

24/03/2019 21:51:41: Export Excel - Start Restore data

24/03/2019 21:51:42: Export Excel - End

24/03/2019 22:10:01: WinLoadFromFile - Load Template - 670

24/03/2019 22:10:01: TaiDK - Start calculation

24/03/2019 22:10:01: TaiDK - End calculation

24/03/2019 22:10:01: TaiDK - Start calculation

24/03/2019 22:10:01: TaiDK - End calculation

24/03/2019 22:10:01: TaiDK - Start calculation

24/03/2019 22:10:01: TaiDK - End calculation

24/03/2019 22:10:03: TaiDK - Start calculation

24/03/2019 22:10:03: TaiDK - End calculation

24/03/2019 22:10:03: frmToKhai_ReLoad - All_Load - 2808

24/03/2019 22:13:51: Validate - Start validate data

24/03/2019 22:13:51: Validate - Start update value

24/03/2019 22:13:51: Validate - End update value

24/03/2019 22:13:51: Validate - End validate data

24/03/2019 22:15:05: ExportXML - WinDoWorkGetExportSheetXML

24/03/2019 22:15:05: ExportXML - ImportNode 1

24/03/2019 22:15:05: ExportXML - AppendChild 1

24/03/2019 22:15:05: ExportXML - WinDoWorkGetExportSheetXML

24/03/2019 22:15:05: ExportXML - ImportNode 2

24/03/2019 22:15:05: ExportXML - AppendChild 2

24/03/2019 22:15:06: ExportXML - WinDoWorkGetExportSheetXML

24/03/2019 22:15:06: ExportXML - ImportNode 4

24/03/2019 22:15:06: ExportXML - AppendChild 4

24/03/2019 22:15:06: ExportXML - Save

24/03/2019 22:15:06: ExportXML - ValidateXmlAgainstXsd

24/03/2019 22:15:06: ExportXML - Process EnCrypt

24/03/2019 22:15:06: ExportXML - Save Encrypt

24/03/2019 22:15:18: WinLoadFromFile - Load Template - 592

24/03/2019 22:15:19: TaiDK - Start calculation

24/03/2019 22:15:19: TaiDK - End calculation

24/03/2019 22:15:19: TaiDK - Start calculation

24/03/2019 22:15:19: TaiDK - End calculation

24/03/2019 22:15:19: TaiDK - Start calculation

24/03/2019 22:15:19: TaiDK - End calculation

24/03/2019 22:15:21: TaiDK - Start calculation

24/03/2019 22:15:21: TaiDK - End calculation

24/03/2019 22:15:21: frmToKhai_ReLoad - All_Load - 2715

24/03/2019 22:17:12: WinLoadFromFile - Load Template - 584

24/03/2019 22:17:12: TaiDK - Step 1

24/03/2019 22:17:12: TaiDK - Start calculation

24/03/2019 22:17:12: TaiDK - End calculation

24/03/2019 22:17:12: frmToKhai_ReLoad - All_Load - 751

24/03/2019 22:17:40: WinLoadFromFile - Load Template - 589

24/03/2019 22:17:41: TaiDK - Step 1

24/03/2019 22:17:41: TaiDK - Start calculation

24/03/2019 22:17:41: TaiDK - End calculation

24/03/2019 22:17:41: TaiDK - Start calculation

24/03/2019 22:17:41: TaiDK - End calculation

24/03/2019 22:17:41: TaiDK - Step 1

24/03/2019 22:17:41: TaiDK - Step 1

24/03/2019 22:17:41: TaiDK - Start calculation

24/03/2019 22:17:41: TaiDK - End calculation

24/03/2019 22:17:41: frmToKhai_ReLoad - All_Load - 851

24/03/2019 22:18:04: WinLoadFromFile - Load Template - 567

24/03/2019 22:18:04: TaiDK - Step 1

24/03/2019 22:18:04: TaiDK - Start calculation

24/03/2019 22:18:04: TaiDK - End calculation

24/03/2019 22:18:04: TaiDK - Start calculation

24/03/2019 22:18:04: TaiDK - End calculation

24/03/2019 22:18:04: frmToKhai_ReLoad - All_Load - 771

24/03/2019 22:27:57: Validate - Start validate data

24/03/2019 22:27:57: Validate - Start update value

24/03/2019 22:27:57: Validate - End update value

24/03/2019 22:27:57: Validate - End validate data

24/03/2019 22:31:32: Validate - Start validate data

24/03/2019 22:31:32: Validate - Start update value

24/03/2019 22:31:32: Validate - End update value

24/03/2019 22:31:33: Validate - End validate data

24/03/2019 22:32:25: Validate - Start validate data

24/03/2019 22:32:25: Validate - Start update value

24/03/2019 22:32:25: Validate - End update value

24/03/2019 22:32:25: Validate - End validate data

24/03/2019 22:33:41: Validate - Start validate data

24/03/2019 22:33:41: Validate - Start update value

24/03/2019 22:33:41: Validate - End update value

24/03/2019 22:33:41: Validate - End validate data

24/03/2019 22:35:59: Validate - Start validate data

24/03/2019 22:35:59: Validate - Start update value

24/03/2019 22:35:59: Validate - End update value

24/03/2019 22:35:59: Validate - End validate data

24/03/2019 22:36:20: ExportXML - WinDoWorkGetExportSheetXML

24/03/2019 22:36:20: ExportXML - ImportNode 1

24/03/2019 22:36:20: ExportXML - AppendChild 1

24/03/2019 22:36:20: ExportXML - Save

24/03/2019 22:36:20: ExportXML - ValidateXmlAgainstXsd

24/03/2019 22:36:20: ExportXML - Process EnCrypt

24/03/2019 22:36:20: ExportXML - Save Encrypt
