
19-01-2021 21:56:13: APP START - --------------------------------------------   START   ------------------------------------------------

19/01/2021 21:57:18: WinLoadFromFile - Load Template - 2051

19/01/2021 21:57:18: TaiDK - Start calculation

19/01/2021 21:57:18: TaiDK - End calculation

19/01/2021 21:57:18: frmToKhai_ReLoad - All_Load - 4030

19/01/2021 21:58:59: Validate - Start validate data

19/01/2021 21:58:59: Validate - Start update value

19/01/2021 21:58:59: Validate - End update value

19/01/2021 21:58:59: Validate - End validate data

19/01/2021 22:01:26: WinLoadFromFile - Load Template - 246

19/01/2021 22:01:26: TaiDK - Step 1

19/01/2021 22:01:27: TaiDK - Start calculation

19/01/2021 22:01:27: TaiDK - End calculation

19/01/2021 22:01:27: frmToKhai_ReLoad - All_Load - 1119

19/01/2021 22:02:58: Validate - Start validate data

19/01/2021 22:02:58: Validate - Start update value

19/01/2021 22:02:58: Validate - End update value

19/01/2021 22:02:58: Validate - End validate data

19/01/2021 22:03:15: Validate - Start validate data

19/01/2021 22:03:15: Validate - Start update value

19/01/2021 22:03:15: Validate - End update value

19/01/2021 22:03:15: Validate - End validate data
